<?xml version="1.0" encoding="UTF-8"?>
<testng-results skipped="0" failed="1" ignored="0" total="1" passed="0">
  <reporter-output>
  </reporter-output>
  <suite name="demoTestSuite" duration-ms="96448" started-at="2020-10-13T01:04:35 ICT" finished-at="2020-10-13T01:06:11 ICT">
    <groups>
    </groups>
    <test name="Register account successfull with default Flow" duration-ms="96448" started-at="2020-10-13T01:04:35 ICT" finished-at="2020-10-13T01:06:11 ICT">
      <class name="com.scripts.RegisterScenarios">
        <test-method status="PASS" signature="beforeSuite(org.testng.ITestContext)[pri:0, instance:com.scripts.RegisterScenarios@1ff4931d]" name="beforeSuite" is-config="true" duration-ms="5842" started-at="2020-10-13T01:04:29 ICT" finished-at="2020-10-13T01:04:35 ICT">
          <params>
            <param index="0">
              <value>
                <![CDATA[org.testng.TestRunner@3078cac]]>
              </value>
            </param>
          </params>
          <reporter-output>
          </reporter-output>
        </test-method> <!-- beforeSuite -->
        <test-method status="PASS" signature="beforeClass()[pri:0, instance:com.scripts.RegisterScenarios@1ff4931d]" name="beforeClass" is-config="true" duration-ms="0" started-at="2020-10-13T01:04:35 ICT" finished-at="2020-10-13T01:04:35 ICT">
          <reporter-output>
          </reporter-output>
        </test-method> <!-- beforeClass -->
        <test-method status="PASS" signature="beforeMethodClass()[pri:0, instance:com.scripts.RegisterScenarios@1ff4931d]" name="beforeMethodClass" is-config="true" duration-ms="2112" started-at="2020-10-13T01:04:35 ICT" finished-at="2020-10-13T01:04:37 ICT">
          <reporter-output>
          </reporter-output>
        </test-method> <!-- beforeMethodClass -->
        <test-method status="FAIL" signature="basicSuccessFlow(java.util.Hashtable)[pri:0, instance:com.scripts.RegisterScenarios@1ff4931d]" name="basicSuccessFlow" duration-ms="93888" started-at="2020-10-13T01:04:37 ICT" data-provider="dataMap" finished-at="2020-10-13T01:06:11 ICT">
          <params>
            <param index="0">
              <value>
                <![CDATA[{Sub Industry=Sports, Personal Error Message=, Gender=Male, Personal Name=Thanh, Country=Viet Nam, Industry=Manufacturing, Date Of Birth=01-Jan-1995, Business Error Message=, Registration Type=Company, Nationality=Viet Nam, Phone Number=0323526667, Business Country=Viet Nam, Business Role=Company Director, Business Name=Business1, Register Purpose=Debit Card, Email Address=tha358nh7@gmai.com, UEN=, Referral=Referral|MYCODE}]]>
              </value>
            </param>
          </params>
          <exception class="org.openqa.selenium.NoSuchElementException">
            <message>
              <![CDATA[no such element: Unable to locate element: {"method":"xpath","selector":"//div[contains(@class,'text-weight') and contains(text(),'Business')]"}
  (Session info: chrome=86.0.4240.75)
For documentation on this error, please visit: https://www.seleniumhq.org/exceptions/no_such_element.html
Build info: version: '3.141.59', revision: 'e82be7d358', time: '2018-11-14T08:17:03'
System info: host: 'DESKTOP-HHFJC6T', ip: '11.11.232.15', os.name: 'Windows 10', os.arch: 'amd64', os.version: '10.0', java.version: '1.8.0_261'
Driver info: org.openqa.selenium.chrome.ChromeDriver
Capabilities {acceptInsecureCerts: false, browserName: chrome, browserVersion: 86.0.4240.75, chrome: {chromedriverVersion: 85.0.4183.87 (cd6713ebf92fa..., userDataDir: C:\Users\gamer\AppData\Loca...}, goog:chromeOptions: {debuggerAddress: localhost:57173}, javascriptEnabled: true, networkConnectionEnabled: false, pageLoadStrategy: normal, platform: WINDOWS, platformName: WINDOWS, proxy: Proxy(), setWindowRect: true, strictFileInteractability: false, timeouts: {implicit: 0, pageLoad: 300000, script: 30000}, unhandledPromptBehavior: dismiss and notify, webauthn:virtualAuthenticators: true}
Session ID: 10a4a42b4f623582119cbaf99b7f5657
*** Element info: {Using=xpath, value=//div[contains(@class,'text-weight') and contains(text(),'Business')]}]]>
            </message>
            <full-stacktrace>
              <![CDATA[org.openqa.selenium.NoSuchElementException: no such element: Unable to locate element: {"method":"xpath","selector":"//div[contains(@class,'text-weight') and contains(text(),'Business')]"}
  (Session info: chrome=86.0.4240.75)
For documentation on this error, please visit: https://www.seleniumhq.org/exceptions/no_such_element.html
Build info: version: '3.141.59', revision: 'e82be7d358', time: '2018-11-14T08:17:03'
System info: host: 'DESKTOP-HHFJC6T', ip: '11.11.232.15', os.name: 'Windows 10', os.arch: 'amd64', os.version: '10.0', java.version: '1.8.0_261'
Driver info: org.openqa.selenium.chrome.ChromeDriver
Capabilities {acceptInsecureCerts: false, browserName: chrome, browserVersion: 86.0.4240.75, chrome: {chromedriverVersion: 85.0.4183.87 (cd6713ebf92fa..., userDataDir: C:\Users\gamer\AppData\Loca...}, goog:chromeOptions: {debuggerAddress: localhost:57173}, javascriptEnabled: true, networkConnectionEnabled: false, pageLoadStrategy: normal, platform: WINDOWS, platformName: WINDOWS, proxy: Proxy(), setWindowRect: true, strictFileInteractability: false, timeouts: {implicit: 0, pageLoad: 300000, script: 30000}, unhandledPromptBehavior: dismiss and notify, webauthn:virtualAuthenticators: true}
Session ID: 10a4a42b4f623582119cbaf99b7f5657
*** Element info: {Using=xpath, value=//div[contains(@class,'text-weight') and contains(text(),'Business')]}
at sun.reflect.NativeConstructorAccessorImpl.newInstance0(Native Method)
at sun.reflect.NativeConstructorAccessorImpl.newInstance(Unknown Source)
at sun.reflect.DelegatingConstructorAccessorImpl.newInstance(Unknown Source)
at java.lang.reflect.Constructor.newInstance(Unknown Source)
at org.openqa.selenium.remote.http.W3CHttpResponseCodec.createException(W3CHttpResponseCodec.java:187)
at org.openqa.selenium.remote.http.W3CHttpResponseCodec.decode(W3CHttpResponseCodec.java:122)
at org.openqa.selenium.remote.http.W3CHttpResponseCodec.decode(W3CHttpResponseCodec.java:49)
at org.openqa.selenium.remote.HttpCommandExecutor.execute(HttpCommandExecutor.java:158)
at org.openqa.selenium.remote.service.DriverCommandExecutor.execute(DriverCommandExecutor.java:83)
at org.openqa.selenium.remote.RemoteWebDriver.execute(RemoteWebDriver.java:552)
at org.openqa.selenium.remote.RemoteWebDriver.findElement(RemoteWebDriver.java:323)
at org.openqa.selenium.remote.RemoteWebDriver.findElementByXPath(RemoteWebDriver.java:428)
at org.openqa.selenium.By$ByXPath.findElement(By.java:353)
at org.openqa.selenium.remote.RemoteWebDriver.findElement(RemoteWebDriver.java:315)
at com.frame.RegisterPage.registerBusinessDetails(RegisterPage.java:368)
at com.scripts.RegisterScenarios.basicSuccessFlow(RegisterScenarios.java:89)
at sun.reflect.NativeMethodAccessorImpl.invoke0(Native Method)
at sun.reflect.NativeMethodAccessorImpl.invoke(Unknown Source)
at sun.reflect.DelegatingMethodAccessorImpl.invoke(Unknown Source)
at java.lang.reflect.Method.invoke(Unknown Source)
at org.testng.internal.MethodInvocationHelper.invokeMethod(MethodInvocationHelper.java:132)
at org.testng.internal.TestInvoker.invokeMethod(TestInvoker.java:599)
at org.testng.internal.TestInvoker.invokeTestMethod(TestInvoker.java:174)
at org.testng.internal.MethodRunner.runInSequence(MethodRunner.java:46)
at org.testng.internal.TestInvoker$MethodInvocationAgent.invoke(TestInvoker.java:822)
at org.testng.internal.TestInvoker.invokeTestMethods(TestInvoker.java:147)
at org.testng.internal.TestMethodWorker.invokeTestMethods(TestMethodWorker.java:146)
at org.testng.internal.TestMethodWorker.run(TestMethodWorker.java:128)
at java.util.ArrayList.forEach(Unknown Source)
at org.testng.TestRunner.privateRun(TestRunner.java:764)
at org.testng.TestRunner.run(TestRunner.java:585)
at org.testng.SuiteRunner.runTest(SuiteRunner.java:384)
at org.testng.SuiteRunner.runSequentially(SuiteRunner.java:378)
at org.testng.SuiteRunner.privateRun(SuiteRunner.java:337)
at org.testng.SuiteRunner.run(SuiteRunner.java:286)
at org.testng.SuiteRunnerWorker.runSuite(SuiteRunnerWorker.java:53)
at org.testng.SuiteRunnerWorker.run(SuiteRunnerWorker.java:96)
at org.testng.TestNG.runSuitesSequentially(TestNG.java:1218)
at org.testng.TestNG.runSuitesLocally(TestNG.java:1140)
at org.testng.TestNG.runSuites(TestNG.java:1069)
at org.testng.TestNG.run(TestNG.java:1037)
at org.testng.remote.AbstractRemoteTestNG.run(AbstractRemoteTestNG.java:115)
at org.testng.remote.RemoteTestNG.initAndRun(RemoteTestNG.java:251)
at org.testng.remote.RemoteTestNG.main(RemoteTestNG.java:77)
]]>
            </full-stacktrace>
          </exception> <!-- org.openqa.selenium.NoSuchElementException -->
          <reporter-output>
          </reporter-output>
        </test-method> <!-- basicSuccessFlow -->
        <test-method status="PASS" signature="close()[pri:0, instance:com.scripts.RegisterScenarios@1ff4931d]" name="close" is-config="true" duration-ms="28" started-at="2020-10-13T01:06:11 ICT" finished-at="2020-10-13T01:06:11 ICT">
          <reporter-output>
          </reporter-output>
        </test-method> <!-- close -->
        <test-method status="PASS" signature="afterClass()[pri:0, instance:com.scripts.RegisterScenarios@1ff4931d]" name="afterClass" is-config="true" duration-ms="0" started-at="2020-10-13T01:06:11 ICT" finished-at="2020-10-13T01:06:11 ICT">
          <reporter-output>
          </reporter-output>
        </test-method> <!-- afterClass -->
        <test-method status="PASS" signature="afterSuite()[pri:0, instance:com.scripts.RegisterScenarios@1ff4931d]" name="afterSuite" is-config="true" duration-ms="591" started-at="2020-10-13T01:06:11 ICT" finished-at="2020-10-13T01:06:12 ICT">
          <reporter-output>
          </reporter-output>
        </test-method> <!-- afterSuite -->
      </class> <!-- com.scripts.RegisterScenarios -->
    </test> <!-- Register account successfull with default Flow -->
  </suite> <!-- demoTestSuite -->
</testng-results>
